20191208-03:53:14 Traceback (most recent call last):
20191208-03:53:14   File "/var/www/vhosts/mcarena/tool_hubspot_migration/processor.py", line 9, in <module>
20191208-03:53:14     files = client.findCSV()
20191208-03:53:14   File "/var/www/vhosts/mcarena/tool_hubspot_migration/rest_client.py", line 221, in findCSV
20191208-03:53:14     for file in os.listdir(csvdir):
20191208-03:53:14 FileNotFoundError: [Errno 2] No such file or directory: '/var/www/vhsots/mcarea/hubspot_api/csvfiles/'
20191208-03:54:40 https://api.hubapi.com/contacts/v1/
20191208-03:54:40 Refresh Token ...
20191208-03:54:40 Traceback (most recent call last):
20191208-03:54:40   File "/var/www/vhosts/mcarena/tool_hubspot_migration/processor.py", line 11, in <module>
20191208-03:54:40     access_token = client.refresh_token()
20191208-03:54:40   File "/var/www/vhosts/mcarena/tool_hubspot_migration/rest_client.py", line 47, in refresh_token
20191208-03:54:40     return resp_dict['access_token']
20191208-03:54:40 KeyError: 'access_token'
20191208-03:57:11 https://api.hubapi.com/contacts/v1/
20191208-03:57:11 Refresh Token ...
20191208-03:57:11 Traceback (most recent call last):
20191208-03:57:11   File "/var/www/vhosts/mcarena/tool_hubspot_migration/processor.py", line 11, in <module>
20191208-03:57:11     access_token = client.refresh_token()
20191208-03:57:11   File "/var/www/vhosts/mcarena/tool_hubspot_migration/rest_client.py", line 47, in refresh_token
20191208-03:57:11     return resp_dict['access_token']
20191208-03:57:11 KeyError: 'access_token'
20191208-03:59:04 https://api.hubapi.com/contacts/v1/
20191208-03:59:04 Refresh Token ...
20191208-03:59:11 https://api.hubapi.com/contacts/v1/
20191208-03:59:11 Refresh Token ...
20191208-04:00:01 https://api.hubapi.com/contacts/v1/
20191208-04:00:01 Refresh Token ...
20191208-04:03:41 https://api.hubapi.com/contacts/v1/
20191208-04:03:41 Refresh Token ...
20191208-04:06:35 /var/www/vhosts/mcarena/hubspot_api/csvfiles/export-schorndorf_2019-12-06.06.12.richtigeKategorie.csv
20191208-04:06:35 https://api.hubapi.com/contacts/v1/
20191208-04:06:35 Refresh Token ...
20191208-04:06:35 Column names are ['Login', 'Mitglied-Status', 'Vorname', 'Familienname', 'Telefon', 'Mobil', 'Fax', 'E-Mail', 'Mg.Nr', 'PLZ', 'Ort', 'Anschrift', 'Geburtstag', 'Mehrwertsteuer', 'Kontoinhaber', 'Kontonummer', 'Bankleitzahl', 'Name der Bank', 'IBAN', 'BIC', 'SEPA Mandat vom', 'SEPA Referenz', 'Datum der letzten Buchung', 'Wert der letzten Buchung (bezahlter Betrag)', 'Datum der nächsten zukünftigen Buchung', 'Kontaktkategorie']
20191208-04:06:35 Processing Contact...
20191208-04:06:35 try to persist contact in hubspot : ole.abraham@web.de
20191208-04:06:35 Processed :  ole.abraham@web.de 
20191208-04:06:35 Processed 2 lines.
20191208-04:06:35 Sendmail exit status None
